# JRE version: Java(TM) SE Runtime Environment (8.0_05-b13) (build 1.8.0_05-b13)
# Java VM: Java HotSpot(TM) 64-Bit Server VM (25.5-b02 mixed mode linux-amd64 compressed oops)
Heap:
 PSYoungGen      total 77312K, used 9894K [0x00000000eab00000, 0x00000000f0180000, 0x0000000100000000)
  eden space 67072K, 0% used [0x00000000eab00000,0x00000000eab00000,0x00000000eec80000)
  from space 10240K, 96% used [0x00000000eec80000,0x00000000ef629848,0x00000000ef680000)
  to   space 9216K, 0% used [0x00000000ef680000,0x00000000ef680000,0x00000000eff80000)
 ParOldGen       total 61952K, used 36937K [0x00000000c0000000, 0x00000000c3c80000, 0x00000000eab00000)
  object space 61952K, 59% used [0x00000000c0000000,0x00000000c2412730,0x00000000c3c80000)
 Metaspace       used 5516K, capacity 6768K, committed 7040K, reserved 1056768K
  class space    used 566K, capacity 616K, committed 640K, reserved 1048576K
GC Heap History (10 events):
Event: 2,863 GC heap after
Heap after GC invocations=14 (full 0):
 PSYoungGen      total 34816K, used 2144K [0x00000000eab00000, 0x00000000ed100000, 0x0000000100000000)
  eden space 30720K, 0% used [0x00000000eab00000,0x00000000eab00000,0x00000000ec900000)
  from space 4096K, 52% used [0x00000000ecd00000,0x00000000ecf18000,0x00000000ed100000)
  to   space 4096K, 0% used [0x00000000ec900000,0x00000000ec900000,0x00000000ecd00000)
 ParOldGen       total 61952K, used 11909K [0x00000000c0000000, 0x00000000c3c80000, 0x00000000eab00000)
  object space 61952K, 19% used [0x00000000c0000000,0x00000000c0ba1760,0x00000000c3c80000)
 Metaspace       used 5429K, capacity 6704K, committed 6784K, reserved 1056768K
  class space    used 562K, capacity 616K, committed 640K, reserved 1048576K
}
Event: 3,424 GC heap before
{Heap before GC invocations=15 (full 0):
 PSYoungGen      total 34816K, used 32864K [0x00000000eab00000, 0x00000000ed100000, 0x0000000100000000)
  eden space 30720K, 100% used [0x00000000eab00000,0x00000000ec900000,0x00000000ec900000)
  from space 4096K, 52% used [0x00000000ecd00000,0x00000000ecf18000,0x00000000ed100000)
  to   space 4096K, 0% used [0x00000000ec900000,0x00000000ec900000,0x00000000ecd00000)
 ParOldGen       total 61952K, used 11909K [0x00000000c0000000, 0x00000000c3c80000, 0x00000000eab00000)
  object space 61952K, 19% used [0x00000000c0000000,0x00000000c0ba1760,0x00000000c3c80000)
 Metaspace       used 5441K, capacity 6704K, committed 6784K, reserved 1056768K
  class space    used 562K, capacity 616K, committed 640K, reserved 1048576K
Event: 3,466 GC heap after
Heap after GC invocations=15 (full 0):
 PSYoungGen      total 34816K, used 4080K [0x00000000eab00000, 0x00000000ee600000, 0x0000000100000000)
  eden space 30720K, 0% used [0x00000000eab00000,0x00000000eab00000,0x00000000ec900000)
  from space 4096K, 99% used [0x00000000ec900000,0x00000000eccfc020,0x00000000ecd00000)
  to   space 5632K, 0% used [0x00000000ee080000,0x00000000ee080000,0x00000000ee600000)
 ParOldGen       total 61952K, used 14465K [0x00000000c0000000, 0x00000000c3c80000, 0x00000000eab00000)
  object space 61952K, 23% used [0x00000000c0000000,0x00000000c0e20430,0x00000000c3c80000)
 Metaspace       used 5441K, capacity 6704K, committed 6784K, reserved 1056768K
  class space    used 562K, capacity 616K, committed 640K, reserved 1048576K
}
Event: 3,661 GC heap before
{Heap before GC invocations=16 (full 0):
 PSYoungGen      total 34816K, used 34800K [0x00000000eab00000, 0x00000000ee600000, 0x0000000100000000)
  eden space 30720K, 100% used [0x00000000eab00000,0x00000000ec900000,0x00000000ec900000)
  from space 4096K, 99% used [0x00000000ec900000,0x00000000eccfc020,0x00000000ecd00000)
  to   space 5632K, 0% used [0x00000000ee080000,0x00000000ee080000,0x00000000ee600000)
 ParOldGen       total 61952K, used 14465K [0x00000000c0000000, 0x00000000c3c80000, 0x00000000eab00000)
  object space 61952K, 23% used [0x00000000c0000000,0x00000000c0e20430,0x00000000c3c80000)
 Metaspace       used 5472K, capacity 6704K, committed 6784K, reserved 1056768K
  class space    used 566K, capacity 616K, committed 640K, reserved 1048576K
Event: 3,690 GC heap after
Heap after GC invocations=16 (full 0):
 PSYoungGen      total 54272K, used 4608K [0x00000000eab00000, 0x00000000ee700000, 0x0000000100000000)
  eden space 48640K, 0% used [0x00000000eab00000,0x00000000eab00000,0x00000000eda80000)
  from space 5632K, 81% used [0x00000000ee080000,0x00000000ee500000,0x00000000ee600000)
  to   space 6144K, 0% used [0x00000000eda80000,0x00000000eda80000,0x00000000ee080000)
 ParOldGen       total 61952K, used 18560K [0x00000000c0000000, 0x00000000c3c80000, 0x00000000eab00000)
  object space 61952K, 29% used [0x00000000c0000000,0x00000000c1220358,0x00000000c3c80000)
 Metaspace       used 5472K, capacity 6704K, committed 6784K, reserved 1056768K
  class space    used 566K, capacity 616K, committed 640K, reserved 1048576K
}
Event: 4,228 GC heap before
{Heap before GC invocations=17 (full 0):
 PSYoungGen      total 54272K, used 53248K [0x00000000eab00000, 0x00000000ee700000, 0x0000000100000000)
  eden space 48640K, 100% used [0x00000000eab00000,0x00000000eda80000,0x00000000eda80000)
  from space 5632K, 81% used [0x00000000ee080000,0x00000000ee500000,0x00000000ee600000)
  to   space 6144K, 0% used [0x00000000eda80000,0x00000000eda80000,0x00000000ee080000)
 ParOldGen       total 61952K, used 18560K [0x00000000c0000000, 0x00000000c3c80000, 0x00000000eab00000)
  object space 61952K, 29% used [0x00000000c0000000,0x00000000c1220358,0x00000000c3c80000)
 Metaspace       used 5492K, capacity 6704K, committed 6784K, reserved 1056768K
  class space    used 566K, capacity 616K, committed 640K, reserved 1048576K
Event: 4,337 GC heap after
Heap after GC invocations=17 (full 0):
 PSYoungGen      total 54784K, used 6132K [0x00000000eab00000, 0x00000000eff80000, 0x0000000100000000)
  eden space 48640K, 0% used [0x00000000eab00000,0x00000000eab00000,0x00000000eda80000)
  from space 6144K, 99% used [0x00000000eda80000,0x00000000ee07d268,0x00000000ee080000)
  to   space 9216K, 0% used [0x00000000ef680000,0x00000000ef680000,0x00000000eff80000)
 ParOldGen       total 61952K, used 24054K [0x00000000c0000000, 0x00000000c3c80000, 0x00000000eab00000)
  object space 61952K, 38% used [0x00000000c0000000,0x00000000c177d980,0x00000000c3c80000)
 Metaspace       used 5492K, capacity 6704K, committed 6784K, reserved 1056768K
  class space    used 566K, capacity 616K, committed 640K, reserved 1048576K
}
Event: 4,872 GC heap before
{Heap before GC invocations=18 (full 0):
 PSYoungGen      total 54784K, used 54772K [0x00000000eab00000, 0x00000000eff80000, 0x0000000100000000)
  eden space 48640K, 100% used [0x00000000eab00000,0x00000000eda80000,0x00000000eda80000)
  from space 6144K, 99% used [0x00000000eda80000,0x00000000ee07d268,0x00000000ee080000)
  to   space 9216K, 0% used [0x00000000ef680000,0x00000000ef680000,0x00000000eff80000)
 ParOldGen       total 61952K, used 24054K [0x00000000c0000000, 0x00000000c3c80000, 0x00000000eab00000)
  object space 61952K, 38% used [0x00000000c0000000,0x00000000c177d980,0x00000000c3c80000)
 Metaspace       used 5513K, capacity 6768K, committed 7040K, reserved 1056768K
  class space    used 566K, capacity 616K, committed 640K, reserved 1048576K
Event: 4,973 GC heap after
Heap after GC invocations=18 (full 0):
 PSYoungGen      total 76288K, used 7052K [0x00000000eab00000, 0x00000000f0180000, 0x0000000100000000)
  eden space 67072K, 0% used [0x00000000eab00000,0x00000000eab00000,0x00000000eec80000)
  from space 9216K, 76% used [0x00000000ef680000,0x00000000efd632c0,0x00000000eff80000)
  to   space 10240K, 0% used [0x00000000eec80000,0x00000000eec80000,0x00000000ef680000)
 ParOldGen       total 61952K, used 30224K [0x00000000c0000000, 0x00000000c3c80000, 0x00000000eab00000)
  object space 61952K, 48% used [0x00000000c0000000,0x00000000c1d843c8,0x00000000c3c80000)
 Metaspace       used 5513K, capacity 6768K, committed 7040K, reserved 1056768K
  class space    used 566K, capacity 616K, committed 640K, reserved 1048576K
}
Event: 6,030 GC heap before
{Heap before GC invocations=19 (full 0):
 PSYoungGen      total 76288K, used 74124K [0x00000000eab00000, 0x00000000f0180000, 0x0000000100000000)
  eden space 67072K, 100% used [0x00000000eab00000,0x00000000eec80000,0x00000000eec80000)
  from space 9216K, 76% used [0x00000000ef680000,0x00000000efd632c0,0x00000000eff80000)
  to   space 10240K, 0% used [0x00000000eec80000,0x00000000eec80000,0x00000000ef680000)
 ParOldGen       total 61952K, used 30224K [0x00000000c0000000, 0x00000000c3c80000, 0x00000000eab00000)
  object space 61952K, 48% used [0x00000000c0000000,0x00000000c1d843c8,0x00000000c3c80000)
 Metaspace       used 5516K, capacity 6768K, committed 7040K, reserved 1056768K
  class space    used 566K, capacity 616K, committed 640K, reserved 1048576K

