# JRE version: Java(TM) SE Runtime Environment (8.0_05-b13) (build 1.8.0_05-b13)
# Java VM: Java HotSpot(TM) 64-Bit Server VM (25.5-b02 mixed mode linux-amd64 compressed oops)
Heap:
 PSYoungGen      total 86528K, used 11235K [0x00000000eab00000, 0x00000000f0b80000, 0x0000000100000000)
  eden space 75264K, 0% used [0x00000000eab00000,0x00000000eab00000,0x00000000ef480000)
  from space 11264K, 99% used [0x00000000ef480000,0x00000000eff78f80,0x00000000eff80000)
  to   space 10240K, 0% used [0x00000000eff80000,0x00000000eff80000,0x00000000f0980000)
 ParOldGen       total 61952K, used 40516K [0x00000000c0000000, 0x00000000c3c80000, 0x00000000eab00000)
  object space 61952K, 65% used [0x00000000c0000000,0x00000000c27913f0,0x00000000c3c80000)
 Metaspace       used 5498K, capacity 6768K, committed 7040K, reserved 1056768K
  class space    used 566K, capacity 616K, committed 640K, reserved 1048576K
GC Heap History (10 events):
Event: 3,839 GC heap after
Heap after GC invocations=14 (full 0):
 PSYoungGen      total 37888K, used 2752K [0x00000000eab00000, 0x00000000ed500000, 0x0000000100000000)
  eden space 34304K, 0% used [0x00000000eab00000,0x00000000eab00000,0x00000000ecc80000)
  from space 3584K, 76% used [0x00000000ed080000,0x00000000ed330000,0x00000000ed400000)
  to   space 4096K, 0% used [0x00000000ecc80000,0x00000000ecc80000,0x00000000ed080000)
 ParOldGen       total 61952K, used 12482K [0x00000000c0000000, 0x00000000c3c80000, 0x00000000eab00000)
  object space 61952K, 20% used [0x00000000c0000000,0x00000000c0c30a60,0x00000000c3c80000)
 Metaspace       used 5412K, capacity 6704K, committed 6784K, reserved 1056768K
  class space    used 563K, capacity 616K, committed 640K, reserved 1048576K
}
Event: 4,363 GC heap before
{Heap before GC invocations=15 (full 0):
 PSYoungGen      total 37888K, used 37056K [0x00000000eab00000, 0x00000000ed500000, 0x0000000100000000)
  eden space 34304K, 100% used [0x00000000eab00000,0x00000000ecc80000,0x00000000ecc80000)
  from space 3584K, 76% used [0x00000000ed080000,0x00000000ed330000,0x00000000ed400000)
  to   space 4096K, 0% used [0x00000000ecc80000,0x00000000ecc80000,0x00000000ed080000)
 ParOldGen       total 61952K, used 12482K [0x00000000c0000000, 0x00000000c3c80000, 0x00000000eab00000)
  object space 61952K, 20% used [0x00000000c0000000,0x00000000c0c30a60,0x00000000c3c80000)
 Metaspace       used 5416K, capacity 6704K, committed 6784K, reserved 1056768K
  class space    used 563K, capacity 616K, committed 640K, reserved 1048576K
Event: 4,408 GC heap after
Heap after GC invocations=15 (full 0):
 PSYoungGen      total 38400K, used 4064K [0x00000000eab00000, 0x00000000eec00000, 0x0000000100000000)
  eden space 34304K, 0% used [0x00000000eab00000,0x00000000eab00000,0x00000000ecc80000)
  from space 4096K, 99% used [0x00000000ecc80000,0x00000000ed078010,0x00000000ed080000)
  to   space 5632K, 0% used [0x00000000ee680000,0x00000000ee680000,0x00000000eec00000)
 ParOldGen       total 61952K, used 15810K [0x00000000c0000000, 0x00000000c3c80000, 0x00000000eab00000)
  object space 61952K, 25% used [0x00000000c0000000,0x00000000c0f709d0,0x00000000c3c80000)
 Metaspace       used 5416K, capacity 6704K, committed 6784K, reserved 1056768K
  class space    used 563K, capacity 616K, committed 640K, reserved 1048576K
}
Event: 4,963 GC heap before
{Heap before GC invocations=16 (full 0):
 PSYoungGen      total 38400K, used 38368K [0x00000000eab00000, 0x00000000eec00000, 0x0000000100000000)
  eden space 34304K, 100% used [0x00000000eab00000,0x00000000ecc80000,0x00000000ecc80000)
  from space 4096K, 99% used [0x00000000ecc80000,0x00000000ed078010,0x00000000ed080000)
  to   space 5632K, 0% used [0x00000000ee680000,0x00000000ee680000,0x00000000eec00000)
 ParOldGen       total 61952K, used 15810K [0x00000000c0000000, 0x00000000c3c80000, 0x00000000eab00000)
  object space 61952K, 25% used [0x00000000c0000000,0x00000000c0f709d0,0x00000000c3c80000)
 Metaspace       used 5473K, capacity 6704K, committed 6784K, reserved 1056768K
  class space    used 566K, capacity 616K, committed 640K, reserved 1048576K
Event: 5,002 GC heap after
Heap after GC invocations=16 (full 0):
 PSYoungGen      total 59904K, used 5600K [0x00000000eab00000, 0x00000000eee00000, 0x0000000100000000)
  eden space 54272K, 0% used [0x00000000eab00000,0x00000000eab00000,0x00000000ee000000)
  from space 5632K, 99% used [0x00000000ee680000,0x00000000eebf8000,0x00000000eec00000)
  to   space 6656K, 0% used [0x00000000ee000000,0x00000000ee000000,0x00000000ee680000)
 ParOldGen       total 61952K, used 19833K [0x00000000c0000000, 0x00000000c3c80000, 0x00000000eab00000)
  object space 61952K, 32% used [0x00000000c0000000,0x00000000c135e6b0,0x00000000c3c80000)
 Metaspace       used 5473K, capacity 6704K, committed 6784K, reserved 1056768K
  class space    used 566K, capacity 616K, committed 640K, reserved 1048576K
}
Event: 5,544 GC heap before
{Heap before GC invocations=17 (full 0):
 PSYoungGen      total 59904K, used 59872K [0x00000000eab00000, 0x00000000eee00000, 0x0000000100000000)
  eden space 54272K, 100% used [0x00000000eab00000,0x00000000ee000000,0x00000000ee000000)
  from space 5632K, 99% used [0x00000000ee680000,0x00000000eebf8000,0x00000000eec00000)
  to   space 6656K, 0% used [0x00000000ee000000,0x00000000ee000000,0x00000000ee680000)
 ParOldGen       total 61952K, used 19833K [0x00000000c0000000, 0x00000000c3c80000, 0x00000000eab00000)
  object space 61952K, 32% used [0x00000000c0000000,0x00000000c135e6b0,0x00000000c3c80000)
 Metaspace       used 5483K, capacity 6768K, committed 7040K, reserved 1056768K
  class space    used 566K, capacity 616K, committed 640K, reserved 1048576K
Event: 5,592 GC heap after
Heap after GC invocations=17 (full 0):
 PSYoungGen      total 60928K, used 6639K [0x00000000eab00000, 0x00000000f0980000, 0x0000000100000000)
  eden space 54272K, 0% used [0x00000000eab00000,0x00000000eab00000,0x00000000ee000000)
  from space 6656K, 99% used [0x00000000ee000000,0x00000000ee67bd20,0x00000000ee680000)
  to   space 10240K, 0% used [0x00000000eff80000,0x00000000eff80000,0x00000000f0980000)
 ParOldGen       total 61952K, used 26054K [0x00000000c0000000, 0x00000000c3c80000, 0x00000000eab00000)
  object space 61952K, 42% used [0x00000000c0000000,0x00000000c1971ba0,0x00000000c3c80000)
 Metaspace       used 5483K, capacity 6768K, committed 7040K, reserved 1056768K
  class space    used 566K, capacity 616K, committed 640K, reserved 1048576K
}
Event: 6,239 GC heap before
{Heap before GC invocations=18 (full 0):
 PSYoungGen      total 60928K, used 60911K [0x00000000eab00000, 0x00000000f0980000, 0x0000000100000000)
  eden space 54272K, 100% used [0x00000000eab00000,0x00000000ee000000,0x00000000ee000000)
  from space 6656K, 99% used [0x00000000ee000000,0x00000000ee67bd20,0x00000000ee680000)
  to   space 10240K, 0% used [0x00000000eff80000,0x00000000eff80000,0x00000000f0980000)
 ParOldGen       total 61952K, used 26054K [0x00000000c0000000, 0x00000000c3c80000, 0x00000000eab00000)
  object space 61952K, 42% used [0x00000000c0000000,0x00000000c1971ba0,0x00000000c3c80000)
 Metaspace       used 5494K, capacity 6768K, committed 7040K, reserved 1056768K
  class space    used 566K, capacity 616K, committed 640K, reserved 1048576K
Event: 6,317 GC heap after
Heap after GC invocations=18 (full 0):
 PSYoungGen      total 85504K, used 8671K [0x00000000eab00000, 0x00000000f0b80000, 0x0000000100000000)
  eden space 75264K, 0% used [0x00000000eab00000,0x00000000eab00000,0x00000000ef480000)
  from space 10240K, 84% used [0x00000000eff80000,0x00000000f07f7c10,0x00000000f0980000)
  to   space 11264K, 0% used [0x00000000ef480000,0x00000000ef480000,0x00000000eff80000)
 ParOldGen       total 61952K, used 32693K [0x00000000c0000000, 0x00000000c3c80000, 0x00000000eab00000)
  object space 61952K, 52% used [0x00000000c0000000,0x00000000c1fed418,0x00000000c3c80000)
 Metaspace       used 5494K, capacity 6768K, committed 7040K, reserved 1056768K
  class space    used 566K, capacity 616K, committed 640K, reserved 1048576K
}
Event: 7,618 GC heap before
{Heap before GC invocations=19 (full 0):
 PSYoungGen      total 85504K, used 83935K [0x00000000eab00000, 0x00000000f0b80000, 0x0000000100000000)
  eden space 75264K, 100% used [0x00000000eab00000,0x00000000ef480000,0x00000000ef480000)
  from space 10240K, 84% used [0x00000000eff80000,0x00000000f07f7c10,0x00000000f0980000)
  to   space 11264K, 0% used [0x00000000ef480000,0x00000000ef480000,0x00000000eff80000)
 ParOldGen       total 61952K, used 32693K [0x00000000c0000000, 0x00000000c3c80000, 0x00000000eab00000)
  object space 61952K, 52% used [0x00000000c0000000,0x00000000c1fed418,0x00000000c3c80000)
 Metaspace       used 5498K, capacity 6768K, committed 7040K, reserved 1056768K
  class space    used 566K, capacity 616K, committed 640K, reserved 1048576K

